<?xml version="1.0" encoding="UTF-8"?>
<!-- Generated by org.testng.reporters.JUnitXMLReporter -->
<testsuite hostname="Raghu" ignored="0" name="Test2" tests="1" failures="0" timestamp="23 Oct 2022 06:08:24 GMT" time="5.047" errors="0">
  <testcase name="@BeforeClass setup" time="5.017" classname="com.citi.HybridFramewordkProject.testCases.BaseClass">
    <failure type="io.github.bonigarcia.wdm.config.WebDriverManagerException" message="There was an error creating WebDriver object for Internet Explorer">
      <![CDATA[io.github.bonigarcia.wdm.config.WebDriverManagerException: There was an error creating WebDriver object for Internet Explorer
at io.github.bonigarcia.wdm.WebDriverManager.instantiateDriver(WebDriverManager.java:1774)
at io.github.bonigarcia.wdm.WebDriverManager.create(WebDriverManager.java:424)
at com.citi.HybridFramewordkProject.testCases.BaseClass.setup(BaseClass.java:63)
at io.github.bonigarcia.wdm.webdriver.WebDriverCreator.createLocalWebDriver(WebDriverCreator.java:64)
at io.github.bonigarcia.wdm.WebDriverManager.createLocalWebDriver(WebDriverManager.java:1948)
at io.github.bonigarcia.wdm.WebDriverManager.instantiateDriver(WebDriverManager.java:1763)
... 28 more
Caused by: org.openqa.selenium.SessionNotCreatedException: Could not start a new session. Response code 500. Message: Unexpected error launching Internet Explorer. Browser zoom level was set to 125%. It should be set to 100%
Build info: version: '4.4.0', revision: 'e5c75ed026a'
System info: host: 'RAGHU', ip: '192.168.0.126', os.name: 'Windows 10', os.arch: 'amd64', os.version: '10.0', java.version: '1.8.0_202'
Driver info: org.openqa.selenium.ie.InternetExplorerDriver
Command: [null, newSession {capabilities=[Capabilities {browserName: internet explorer, se:ieOptions: {}}], desiredCapabilities=Capabilities {browserName: internet explorer, se:ieOptions: {}}}]
Capabilities {}
at org.openqa.selenium.remote.ProtocolHandshake.createSession(ProtocolHandshake.java:144)
at org.openqa.selenium.remote.ProtocolHandshake.createSession(ProtocolHandshake.java:102)
at org.openqa.selenium.remote.ProtocolHandshake.createSession(ProtocolHandshake.java:67)
at org.openqa.selenium.remote.HttpCommandExecutor.execute(HttpCommandExecutor.java:156)
at org.openqa.selenium.remote.service.DriverCommandExecutor.invokeExecute(DriverCommandExecutor.java:167)
at org.openqa.selenium.remote.service.DriverCommandExecutor.execute(DriverCommandExecutor.java:142)
at org.openqa.selenium.remote.RemoteWebDriver.execute(RemoteWebDriver.java:547)
at org.openqa.selenium.remote.RemoteWebDriver.startSession(RemoteWebDriver.java:242)
at org.openqa.selenium.ie.InternetExplorerDriver.run(InternetExplorerDriver.java:184)
at org.openqa.selenium.ie.InternetExplorerDriver.<init>(InternetExplorerDriver.java:171)
at org.openqa.selenium.ie.InternetExplorerDriver.<init>(InternetExplorerDriver.java:144)
... 35 more
... Removed 31 stack frames]]>
    </failure>
  </testcase> <!-- @BeforeClass setup -->
  <testcase name="@AfterClass tearDown" time="0.0" classname="com.citi.HybridFramewordkProject.testCases.BaseClass">
    <skipped/>
  </testcase> <!-- @AfterClass tearDown -->
  <testcase name="LoginTest" time="0.0" classname="com.citi.HybridFramewordkProject.testCases.TC_LoginTest_001">
    <skipped/>
  </testcase> <!-- LoginTest -->
</testsuite> <!-- Test2 -->
