<?xml version="1.0" encoding="UTF-8"?>
<!-- Generated by org.testng.reporters.JUnitXMLReporter -->
<testsuite hostname="Raghu" ignored="0" name="Test" tests="6" failures="3" timestamp="24 Oct 2022 17:22:17 GMT" time="79.489" errors="0">
  <testcase name="LoginTest" time="14.526" classname="com.citi.HybridFramewordkProject.testCases.TC_LoginTest_001"/>
  <testcase name="loginTest" time="12.246" classname="com.citi.HybridFramewordkProject.testCases.TC_LoginDDT_002"/>
  <testcase name="loginTest" time="6.769" classname="com.citi.HybridFramewordkProject.testCases.TC_LoginDDT_002">
    <failure type="java.lang.AssertionError" message="expected [true] but found [false]">
      <![CDATA[java.lang.AssertionError: expected [true] but found [false]
at com.citi.HybridFramewordkProject.testCases.TC_LoginDDT_002.loginTest(TC_LoginDDT_002.java:43)
... Removed 32 stack frames]]>
    </failure>
  </testcase> <!-- loginTest -->
  <testcase name="loginTest" time="6.652" classname="com.citi.HybridFramewordkProject.testCases.TC_LoginDDT_002">
    <failure type="java.lang.AssertionError" message="expected [true] but found [false]">
      <![CDATA[java.lang.AssertionError: expected [true] but found [false]
at com.citi.HybridFramewordkProject.testCases.TC_LoginDDT_002.loginTest(TC_LoginDDT_002.java:43)
... Removed 32 stack frames]]>
    </failure>
  </testcase> <!-- loginTest -->
  <testcase name="loginTest" time="6.567" classname="com.citi.HybridFramewordkProject.testCases.TC_LoginDDT_002">
    <failure type="java.lang.AssertionError" message="expected [true] but found [false]">
      <![CDATA[java.lang.AssertionError: expected [true] but found [false]
at com.citi.HybridFramewordkProject.testCases.TC_LoginDDT_002.loginTest(TC_LoginDDT_002.java:43)
... Removed 32 stack frames]]>
    </failure>
  </testcase> <!-- loginTest -->
  <testcase name="addNewCustomer" time="24.264" classname="com.citi.HybridFramewordkProject.testCases.TC_AddCustomerTest_003"/>
</testsuite> <!-- Test -->
